  Client.cpp
C:\Users\drago\source\repos\CSECProject\ClientServer\ClientServer\Client.cpp(93,39): warning C4267: 'initializing': conversion from 'size_t' to 'int', possible loss of data
C:\Users\drago\source\repos\CSECProject\ClientServer\ClientServer\Client.cpp(104,69): warning C4267: '=': conversion from 'size_t' to 'unsigned char', possible loss of data
C:\Users\drago\source\repos\CSECProject\ClientServer\ClientServer\Client.cpp(121,65): warning C4267: '=': conversion from 'size_t' to 'unsigned char', possible loss of data
C:\Users\drago\source\repos\CSECProject\ClientServer\ClientServer\Client.cpp(136,42): warning C4267: 'initializing': conversion from 'size_t' to 'unsigned long', possible loss of data
C:\Users\drago\source\repos\CSECProject\ClientServer\ClientServer\Client.cpp(137,44): warning C4267: 'initializing': conversion from 'size_t' to 'unsigned long', possible loss of data
C:\Users\drago\source\repos\CSECProject\ClientServer\ClientServer\Client.cpp(294,76): warning C4267: 'argument': conversion from 'size_t' to 'unsigned int', possible loss of data
C:\Users\drago\source\repos\CSECProject\ClientServer\ClientServer\Client.cpp(409,84): warning C4267: 'argument': conversion from 'size_t' to 'int', possible loss of data
C:\Users\drago\source\repos\CSECProject\ClientServer\ClientServer\Client.cpp(415,84): warning C4267: 'argument': conversion from 'size_t' to 'int', possible loss of data
C:\Users\drago\source\repos\CSECProject\ClientServer\ClientServer\Client.cpp(420,84): warning C4267: 'argument': conversion from 'size_t' to 'int', possible loss of data
C:\Users\drago\source\repos\CSECProject\ClientServer\ClientServer\Client.cpp(429,84): warning C4267: 'argument': conversion from 'size_t' to 'int', possible loss of data
C:\Users\drago\source\repos\CSECProject\ClientServer\ClientServer\Client.cpp(441,66): warning C4267: 'argument': conversion from 'size_t' to 'int', possible loss of data
C:\Users\drago\source\repos\CSECProject\ClientServer\ClientServer\Client.cpp(450,74): warning C4267: 'argument': conversion from 'size_t' to 'int', possible loss of data
C:\Users\drago\source\repos\CSECProject\ClientServer\ClientServer\Client.cpp(451,108): warning C4267: 'argument': conversion from 'size_t' to 'int', possible loss of data
C:\Users\drago\source\repos\CSECProject\ClientServer\ClientServer\Client.cpp(452,74): warning C4267: 'argument': conversion from 'size_t' to 'int', possible loss of data
C:\Users\drago\source\repos\CSECProject\ClientServer\ClientServer\Client.cpp(459,66): warning C4267: 'argument': conversion from 'size_t' to 'int', possible loss of data
C:\Users\drago\source\repos\CSECProject\ClientServer\ClientServer\Client.cpp(471,66): warning C4267: 'argument': conversion from 'size_t' to 'int', possible loss of data
C:\Users\drago\source\repos\CSECProject\ClientServer\ClientServer\Client.cpp(477,66): warning C4267: 'argument': conversion from 'size_t' to 'int', possible loss of data
C:\Users\drago\source\repos\CSECProject\ClientServer\ClientServer\Client.cpp(495,120): warning C4267: 'argument': conversion from 'size_t' to 'int', possible loss of data
C:\Users\drago\source\repos\CSECProject\ClientServer\ClientServer\Client.cpp(511,77): warning C4267: 'argument': conversion from 'size_t' to 'int', possible loss of data
  ClientServer.vcxproj -> C:\Users\drago\source\repos\CSECProject\ClientServer\x64\Debug\ClientServer.exe
